# JRE version: Java(TM) SE Runtime Environment (8.0_66-b18) (build 1.8.0_66-b18)
# Java VM: Java HotSpot(TM) 64-Bit Server VM (25.66-b18 mixed mode windows-amd64 compressed oops)
Heap:
 PSYoungGen      total 110592K, used 55684K [0x00000000f5580000, 0x00000000fc500000, 0x0000000100000000)
  eden space 107008K, 52% used [0x00000000f5580000,0x00000000f8be1328,0x00000000fbe00000)
  from space 3584K, 0% used [0x00000000fbe00000,0x00000000fbe00000,0x00000000fc180000)
  to   space 3584K, 0% used [0x00000000fc180000,0x00000000fc180000,0x00000000fc500000)
 ParOldGen       total 116224K, used 59510K [0x00000000e0000000, 0x00000000e7180000, 0x00000000f5580000)
  object space 116224K, 51% used [0x00000000e0000000,0x00000000e3a1daf8,0x00000000e7180000)
 Metaspace       used 97552K, capacity 105772K, committed 106112K, reserved 1140736K
  class space    used 11563K, capacity 14080K, committed 14208K, reserved 1048576K
GC Heap History (10 events):
Event: 3150.723 GC heap before
{Heap before GC invocations=113 (full 50):
 PSYoungGen      total 111104K, used 160K [0x00000000f5580000, 0x00000000fc600000, 0x0000000100000000)
  eden space 107008K, 0% used [0x00000000f5580000,0x00000000f5580000,0x00000000fbe00000)
  from space 4096K, 3% used [0x00000000fbe00000,0x00000000fbe28000,0x00000000fc200000)
  to   space 4096K, 0% used [0x00000000fc200000,0x00000000fc200000,0x00000000fc600000)
 ParOldGen       total 116224K, used 59512K [0x00000000e0000000, 0x00000000e7180000, 0x00000000f5580000)
  object space 116224K, 51% used [0x00000000e0000000,0x00000000e3a1e178,0x00000000e7180000)
 Metaspace       used 96830K, capacity 105010K, committed 105088K, reserved 1140736K
  class space    used 11491K, capacity 13913K, committed 13952K, reserved 1048576K
Event: 3150.928 GC heap after
Heap after GC invocations=113 (full 50):
 PSYoungGen      total 111104K, used 0K [0x00000000f5580000, 0x00000000fc600000, 0x0000000100000000)
  eden space 107008K, 0% used [0x00000000f5580000,0x00000000f5580000,0x00000000fbe00000)
  from space 4096K, 0% used [0x00000000fbe00000,0x00000000fbe00000,0x00000000fc200000)
  to   space 4096K, 0% used [0x00000000fc200000,0x00000000fc200000,0x00000000fc600000)
 ParOldGen       total 116224K, used 59512K [0x00000000e0000000, 0x00000000e7180000, 0x00000000f5580000)
  object space 116224K, 51% used [0x00000000e0000000,0x00000000e3a1e120,0x00000000e7180000)
 Metaspace       used 96830K, capacity 105010K, committed 105088K, reserved 1140736K
  class space    used 11491K, capacity 13913K, committed 13952K, reserved 1048576K
}
Event: 3210.732 GC heap before
{Heap before GC invocations=114 (full 50):
 PSYoungGen      total 111104K, used 2178K [0x00000000f5580000, 0x00000000fc600000, 0x0000000100000000)
  eden space 107008K, 2% used [0x00000000f5580000,0x00000000f57a0868,0x00000000fbe00000)
  from space 4096K, 0% used [0x00000000fbe00000,0x00000000fbe00000,0x00000000fc200000)
  to   space 4096K, 0% used [0x00000000fc200000,0x00000000fc200000,0x00000000fc600000)
 ParOldGen       total 116224K, used 59512K [0x00000000e0000000, 0x00000000e7180000, 0x00000000f5580000)
  object space 116224K, 51% used [0x00000000e0000000,0x00000000e3a1e120,0x00000000e7180000)
 Metaspace       used 96830K, capacity 105010K, committed 105088K, reserved 1140736K
  class space    used 11491K, capacity 13913K, committed 13952K, reserved 1048576K
Event: 3210.735 GC heap after
Heap after GC invocations=114 (full 50):
 PSYoungGen      total 110080K, used 160K [0x00000000f5580000, 0x00000000fc500000, 0x0000000100000000)
  eden space 107008K, 0% used [0x00000000f5580000,0x00000000f5580000,0x00000000fbe00000)
  from space 3072K, 5% used [0x00000000fc200000,0x00000000fc228000,0x00000000fc500000)
  to   space 3584K, 0% used [0x00000000fbe00000,0x00000000fbe00000,0x00000000fc180000)
 ParOldGen       total 116224K, used 59512K [0x00000000e0000000, 0x00000000e7180000, 0x00000000f5580000)
  object space 116224K, 51% used [0x00000000e0000000,0x00000000e3a1e120,0x00000000e7180000)
 Metaspace       used 96830K, capacity 105010K, committed 105088K, reserved 1140736K
  class space    used 11491K, capacity 13913K, committed 13952K, reserved 1048576K
}
Event: 3210.735 GC heap before
{Heap before GC invocations=115 (full 51):
 PSYoungGen      total 110080K, used 160K [0x00000000f5580000, 0x00000000fc500000, 0x0000000100000000)
  eden space 107008K, 0% used [0x00000000f5580000,0x00000000f5580000,0x00000000fbe00000)
  from space 3072K, 5% used [0x00000000fc200000,0x00000000fc228000,0x00000000fc500000)
  to   space 3584K, 0% used [0x00000000fbe00000,0x00000000fbe00000,0x00000000fc180000)
 ParOldGen       total 116224K, used 59512K [0x00000000e0000000, 0x00000000e7180000, 0x00000000f5580000)
  object space 116224K, 51% used [0x00000000e0000000,0x00000000e3a1e120,0x00000000e7180000)
 Metaspace       used 96830K, capacity 105010K, committed 105088K, reserved 1140736K
  class space    used 11491K, capacity 13913K, committed 13952K, reserved 1048576K
Event: 3210.874 GC heap after
Heap after GC invocations=115 (full 51):
 PSYoungGen      total 110080K, used 0K [0x00000000f5580000, 0x00000000fc500000, 0x0000000100000000)
  eden space 107008K, 0% used [0x00000000f5580000,0x00000000f5580000,0x00000000fbe00000)
  from space 3072K, 0% used [0x00000000fc200000,0x00000000fc200000,0x00000000fc500000)
  to   space 3584K, 0% used [0x00000000fbe00000,0x00000000fbe00000,0x00000000fc180000)
 ParOldGen       total 116224K, used 59512K [0x00000000e0000000, 0x00000000e7180000, 0x00000000f5580000)
  object space 116224K, 51% used [0x00000000e0000000,0x00000000e3a1e120,0x00000000e7180000)
 Metaspace       used 96830K, capacity 105010K, committed 105088K, reserved 1140736K
  class space    used 11491K, capacity 13913K, committed 13952K, reserved 1048576K
}
Event: 3270.733 GC heap before
{Heap before GC invocations=116 (full 51):
 PSYoungGen      total 110080K, used 2153K [0x00000000f5580000, 0x00000000fc500000, 0x0000000100000000)
  eden space 107008K, 2% used [0x00000000f5580000,0x00000000f579a528,0x00000000fbe00000)
  from space 3072K, 0% used [0x00000000fc200000,0x00000000fc200000,0x00000000fc500000)
  to   space 3584K, 0% used [0x00000000fbe00000,0x00000000fbe00000,0x00000000fc180000)
 ParOldGen       total 116224K, used 59512K [0x00000000e0000000, 0x00000000e7180000, 0x00000000f5580000)
  object space 116224K, 51% used [0x00000000e0000000,0x00000000e3a1e120,0x00000000e7180000)
 Metaspace       used 96831K, capacity 105010K, committed 105088K, reserved 1140736K
  class space    used 11491K, capacity 13913K, committed 13952K, reserved 1048576K
Event: 3270.736 GC heap after
Heap after GC invocations=116 (full 51):
 PSYoungGen      total 110592K, used 160K [0x00000000f5580000, 0x00000000fc500000, 0x0000000100000000)
  eden space 107008K, 0% used [0x00000000f5580000,0x00000000f5580000,0x00000000fbe00000)
  from space 3584K, 4% used [0x00000000fbe00000,0x00000000fbe28000,0x00000000fc180000)
  to   space 3584K, 0% used [0x00000000fc180000,0x00000000fc180000,0x00000000fc500000)
 ParOldGen       total 116224K, used 59512K [0x00000000e0000000, 0x00000000e7180000, 0x00000000f5580000)
  object space 116224K, 51% used [0x00000000e0000000,0x00000000e3a1e120,0x00000000e7180000)
 Metaspace       used 96831K, capacity 105010K, committed 105088K, reserved 1140736K
  class space    used 11491K, capacity 13913K, committed 13952K, reserved 1048576K
}
Event: 3270.736 GC heap before
{Heap before GC invocations=117 (full 52):
 PSYoungGen      total 110592K, used 160K [0x00000000f5580000, 0x00000000fc500000, 0x0000000100000000)
  eden space 107008K, 0% used [0x00000000f5580000,0x00000000f5580000,0x00000000fbe00000)
  from space 3584K, 4% used [0x00000000fbe00000,0x00000000fbe28000,0x00000000fc180000)
  to   space 3584K, 0% used [0x00000000fc180000,0x00000000fc180000,0x00000000fc500000)
 ParOldGen       total 116224K, used 59512K [0x00000000e0000000, 0x00000000e7180000, 0x00000000f5580000)
  object space 116224K, 51% used [0x00000000e0000000,0x00000000e3a1e120,0x00000000e7180000)
 Metaspace       used 96831K, capacity 105010K, committed 105088K, reserved 1140736K
  class space    used 11491K, capacity 13913K, committed 13952K, reserved 1048576K
Event: 3270.954 GC heap after
Heap after GC invocations=117 (full 52):
 PSYoungGen      total 110592K, used 0K [0x00000000f5580000, 0x00000000fc500000, 0x0000000100000000)
  eden space 107008K, 0% used [0x00000000f5580000,0x00000000f5580000,0x00000000fbe00000)
  from space 3584K, 0% used [0x00000000fbe00000,0x00000000fbe00000,0x00000000fc180000)
  to   space 3584K, 0% used [0x00000000fc180000,0x00000000fc180000,0x00000000fc500000)
 ParOldGen       total 116224K, used 59510K [0x00000000e0000000, 0x00000000e7180000, 0x00000000f5580000)
  object space 116224K, 51% used [0x00000000e0000000,0x00000000e3a1daf8,0x00000000e7180000)
 Metaspace       used 96831K, capacity 105010K, committed 105088K, reserved 1140736K
  class space    used 11491K, capacity 13913K, committed 13952K, reserved 1048576K
}

