# JRE version: Java(TM) SE Runtime Environment (8.0_66-b18) (build 1.8.0_66-b18)
# Java VM: Java HotSpot(TM) 64-Bit Server VM (25.66-b18 mixed mode windows-amd64 compressed oops)
Heap:
 PSYoungGen      total 123392K, used 28045K [0x00000000f5580000, 0x00000000fe700000, 0x0000000100000000)
  eden space 105984K, 18% used [0x00000000f5580000,0x00000000f6890b28,0x00000000fbd00000)
  from space 17408K, 48% used [0x00000000fd600000,0x00000000fde52cb8,0x00000000fe700000)
  to   space 21504K, 0% used [0x00000000fbd00000,0x00000000fbd00000,0x00000000fd200000)
 ParOldGen       total 107008K, used 60671K [0x00000000e0000000, 0x00000000e6880000, 0x00000000f5580000)
  object space 107008K, 56% used [0x00000000e0000000,0x00000000e3b3fc58,0x00000000e6880000)
 Metaspace       used 105593K, capacity 113440K, committed 113560K, reserved 1148928K
  class space    used 12337K, capacity 14910K, committed 15016K, reserved 1048576K
GC Heap History (10 events):
Event: 1504.634 GC heap before
{Heap before GC invocations=69 (full 21):
 PSYoungGen      total 145408K, used 131338K [0x00000000f5580000, 0x0000000100000000, 0x0000000100000000)
  eden space 117760K, 100% used [0x00000000f5580000,0x00000000fc880000,0x00000000fc880000)
  from space 27648K, 49% used [0x00000000fc880000,0x00000000fd5c2908,0x00000000fe380000)
  to   space 27136K, 0% used [0x00000000fe580000,0x00000000fe580000,0x0000000100000000)
 ParOldGen       total 107008K, used 60639K [0x00000000e0000000, 0x00000000e6880000, 0x00000000f5580000)
  object space 107008K, 56% used [0x00000000e0000000,0x00000000e3b37c58,0x00000000e6880000)
 Metaspace       used 103529K, capacity 111490K, committed 111640K, reserved 1146880K
  class space    used 12111K, capacity 14628K, committed 14632K, reserved 1048576K
Event: 1504.649 GC heap after
Heap after GC invocations=69 (full 21):
 PSYoungGen      total 144384K, used 8671K [0x00000000f5580000, 0x00000000ffd80000, 0x0000000100000000)
  eden space 119808K, 0% used [0x00000000f5580000,0x00000000f5580000,0x00000000fca80000)
  from space 24576K, 35% used [0x00000000fe580000,0x00000000fedf7db0,0x00000000ffd80000)
  to   space 26112K, 0% used [0x00000000fca80000,0x00000000fca80000,0x00000000fe400000)
 ParOldGen       total 107008K, used 60639K [0x00000000e0000000, 0x00000000e6880000, 0x00000000f5580000)
  object space 107008K, 56% used [0x00000000e0000000,0x00000000e3b37c58,0x00000000e6880000)
 Metaspace       used 103529K, capacity 111490K, committed 111640K, reserved 1146880K
  class space    used 12111K, capacity 14628K, committed 14632K, reserved 1048576K
}
Event: 5402.736 GC heap before
{Heap before GC invocations=70 (full 21):
 PSYoungGen      total 144384K, used 128479K [0x00000000f5580000, 0x00000000ffd80000, 0x0000000100000000)
  eden space 119808K, 100% used [0x00000000f5580000,0x00000000fca80000,0x00000000fca80000)
  from space 24576K, 35% used [0x00000000fe580000,0x00000000fedf7db0,0x00000000ffd80000)
  to   space 26112K, 0% used [0x00000000fca80000,0x00000000fca80000,0x00000000fe400000)
 ParOldGen       total 107008K, used 60639K [0x00000000e0000000, 0x00000000e6880000, 0x00000000f5580000)
  object space 107008K, 56% used [0x00000000e0000000,0x00000000e3b37c58,0x00000000e6880000)
 Metaspace       used 103688K, capacity 111554K, committed 111640K, reserved 1146880K
  class space    used 12111K, capacity 14628K, committed 14632K, reserved 1048576K
Event: 5402.813 GC heap after
Heap after GC invocations=70 (full 21):
 PSYoungGen      total 128512K, used 12008K [0x00000000f5580000, 0x00000000ff800000, 0x0000000100000000)
  eden space 116224K, 0% used [0x00000000f5580000,0x00000000f5580000,0x00000000fc700000)
  from space 12288K, 97% used [0x00000000fca80000,0x00000000fd63a098,0x00000000fd680000)
  to   space 25088K, 0% used [0x00000000fdf80000,0x00000000fdf80000,0x00000000ff800000)
 ParOldGen       total 107008K, used 60647K [0x00000000e0000000, 0x00000000e6880000, 0x00000000f5580000)
  object space 107008K, 56% used [0x00000000e0000000,0x00000000e3b39c58,0x00000000e6880000)
 Metaspace       used 103688K, capacity 111554K, committed 111640K, reserved 1146880K
  class space    used 12111K, capacity 14628K, committed 14632K, reserved 1048576K
}
Event: 6429.903 GC heap before
{Heap before GC invocations=71 (full 21):
 PSYoungGen      total 128512K, used 128232K [0x00000000f5580000, 0x00000000ff800000, 0x0000000100000000)
  eden space 116224K, 100% used [0x00000000f5580000,0x00000000fc700000,0x00000000fc700000)
  from space 12288K, 97% used [0x00000000fca80000,0x00000000fd63a098,0x00000000fd680000)
  to   space 25088K, 0% used [0x00000000fdf80000,0x00000000fdf80000,0x00000000ff800000)
 ParOldGen       total 107008K, used 60647K [0x00000000e0000000, 0x00000000e6880000, 0x00000000f5580000)
  object space 107008K, 56% used [0x00000000e0000000,0x00000000e3b39c58,0x00000000e6880000)
 Metaspace       used 103955K, capacity 111752K, committed 111896K, reserved 1146880K
  class space    used 12114K, capacity 14629K, committed 14632K, reserved 1048576K
Event: 6429.936 GC heap after
Heap after GC invocations=71 (full 21):
 PSYoungGen      total 131072K, used 10207K [0x00000000f5580000, 0x00000000ff180000, 0x0000000100000000)
  eden space 112640K, 0% used [0x00000000f5580000,0x00000000f5580000,0x00000000fc380000)
  from space 18432K, 55% used [0x00000000fdf80000,0x00000000fe977dd0,0x00000000ff180000)
  to   space 23552K, 0% used [0x00000000fc380000,0x00000000fc380000,0x00000000fda80000)
 ParOldGen       total 107008K, used 60655K [0x00000000e0000000, 0x00000000e6880000, 0x00000000f5580000)
  object space 107008K, 56% used [0x00000000e0000000,0x00000000e3b3bc58,0x00000000e6880000)
 Metaspace       used 103955K, capacity 111752K, committed 111896K, reserved 1146880K
  class space    used 12114K, capacity 14629K, committed 14632K, reserved 1048576K
}
Event: 6603.018 GC heap before
{Heap before GC invocations=72 (full 21):
 PSYoungGen      total 131072K, used 122847K [0x00000000f5580000, 0x00000000ff180000, 0x0000000100000000)
  eden space 112640K, 100% used [0x00000000f5580000,0x00000000fc380000,0x00000000fc380000)
  from space 18432K, 55% used [0x00000000fdf80000,0x00000000fe977dd0,0x00000000ff180000)
  to   space 23552K, 0% used [0x00000000fc380000,0x00000000fc380000,0x00000000fda80000)
 ParOldGen       total 107008K, used 60655K [0x00000000e0000000, 0x00000000e6880000, 0x00000000f5580000)
  object space 107008K, 56% used [0x00000000e0000000,0x00000000e3b3bc58,0x00000000e6880000)
 Metaspace       used 104513K, capacity 112562K, committed 112792K, reserved 1146880K
  class space    used 12181K, capacity 14704K, committed 14760K, reserved 1048576K
Event: 6603.030 GC heap after
Heap after GC invocations=72 (full 21):
 PSYoungGen      total 119808K, used 10390K [0x00000000f5580000, 0x00000000fec00000, 0x0000000100000000)
  eden space 109056K, 0% used [0x00000000f5580000,0x00000000f5580000,0x00000000fc000000)
  from space 10752K, 96% used [0x00000000fc380000,0x00000000fcda5bb0,0x00000000fce00000)
  to   space 22528K, 0% used [0x00000000fd600000,0x00000000fd600000,0x00000000fec00000)
 ParOldGen       total 107008K, used 60663K [0x00000000e0000000, 0x00000000e6880000, 0x00000000f5580000)
  object space 107008K, 56% used [0x00000000e0000000,0x00000000e3b3dc58,0x00000000e6880000)
 Metaspace       used 104513K, capacity 112562K, committed 112792K, reserved 1146880K
  class space    used 12181K, capacity 14704K, committed 14760K, reserved 1048576K
}
Event: 6662.010 GC heap before
{Heap before GC invocations=73 (full 21):
 PSYoungGen      total 119808K, used 119446K [0x00000000f5580000, 0x00000000fec00000, 0x0000000100000000)
  eden space 109056K, 100% used [0x00000000f5580000,0x00000000fc000000,0x00000000fc000000)
  from space 10752K, 96% used [0x00000000fc380000,0x00000000fcda5bb0,0x00000000fce00000)
  to   space 22528K, 0% used [0x00000000fd600000,0x00000000fd600000,0x00000000fec00000)
 ParOldGen       total 107008K, used 60663K [0x00000000e0000000, 0x00000000e6880000, 0x00000000f5580000)
  object space 107008K, 56% used [0x00000000e0000000,0x00000000e3b3dc58,0x00000000e6880000)
 Metaspace       used 105107K, capacity 113100K, committed 113176K, reserved 1146880K
  class space    used 12282K, capacity 14839K, committed 14888K, reserved 1048576K
Event: 6662.046 GC heap after
Heap after GC invocations=73 (full 21):
 PSYoungGen      total 123392K, used 8523K [0x00000000f5580000, 0x00000000fe700000, 0x0000000100000000)
  eden space 105984K, 0% used [0x00000000f5580000,0x00000000f5580000,0x00000000fbd00000)
  from space 17408K, 48% used [0x00000000fd600000,0x00000000fde52cb8,0x00000000fe700000)
  to   space 21504K, 0% used [0x00000000fbd00000,0x00000000fbd00000,0x00000000fd200000)
 ParOldGen       total 107008K, used 60671K [0x00000000e0000000, 0x00000000e6880000, 0x00000000f5580000)
  object space 107008K, 56% used [0x00000000e0000000,0x00000000e3b3fc58,0x00000000e6880000)
 Metaspace       used 105107K, capacity 113100K, committed 113176K, reserved 1146880K
  class space    used 12282K, capacity 14839K, committed 14888K, reserved 1048576K
}

